<?xml version="1.0" encoding="UTF-8" ?>
<testsuite failures="0" time="0.047" errors="1" skipped="0" tests="1" name="nl.knaw.huygens.analysis.util.TextProcessingTest">
  <properties>
    <property name="java.runtime.name" value="Java(TM) SE Runtime Environment"/>
    <property name="sun.boot.library.path" value="/opt/java/jre/lib/amd64"/>
    <property name="java.vm.version" value="20.0-b11"/>
    <property name="java.vm.vendor" value="Sun Microsystems Inc."/>
    <property name="java.vendor.url" value="http://java.sun.com/"/>
    <property name="path.separator" value=":"/>
    <property name="java.vm.name" value="Java HotSpot(TM) 64-Bit Server VM"/>
    <property name="file.encoding.pkg" value="sun.io"/>
    <property name="user.country" value="US"/>
    <property name="sun.java.launcher" value="SUN_STANDARD"/>
    <property name="sun.os.patch.level" value="unknown"/>
    <property name="java.vm.specification.name" value="Java Virtual Machine Specification"/>
    <property name="user.dir" value="/home/wittek/wrk/workspace/ckcc-topic-modeling"/>
    <property name="java.runtime.version" value="1.6.0_25-b06"/>
    <property name="java.awt.graphicsenv" value="sun.awt.X11GraphicsEnvironment"/>
    <property name="basedir" value="/home/wittek/wrk/workspace/ckcc-topic-modeling"/>
    <property name="java.endorsed.dirs" value="/opt/java/jre/lib/endorsed"/>
    <property name="os.arch" value="amd64"/>
    <property name="surefire.real.class.path" value="/home/wittek/wrk/workspace/ckcc-topic-modeling/target/surefire/surefirebooter467750740991740395.jar"/>
    <property name="java.io.tmpdir" value="/tmp"/>
    <property name="line.separator" value="
"/>
    <property name="java.vm.specification.vendor" value="Sun Microsystems Inc."/>
    <property name="os.name" value="Linux"/>
    <property name="sun.jnu.encoding" value="UTF-8"/>
    <property name="java.library.path" value="/opt/java/jre/lib/amd64/server:/opt/java/jre/lib/amd64:/opt/java/jre/../lib/amd64:/home/wittek/wrk/cpp/util:/home/wittek/wrk/cpp/util/libsvm:/usr/java/packages/lib/amd64:/usr/lib64:/lib64:/lib:/usr/lib"/>
    <property name="surefire.test.class.path" value="/home/wittek/wrk/workspace/ckcc-topic-modeling/target/test-classes:/home/wittek/wrk/workspace/ckcc-topic-modeling/target/classes:/home/wittek/.m2/repository/junit/junit/4.5/junit-4.5.jar:/home/wittek/.m2/repository/net/sf/opencsv/opencsv/2.1/opencsv-2.1.jar:/home/wittek/.m2/repository/com/google/guava/guava/r08/guava-r08.jar:/home/wittek/.m2/repository/pitt/search/semanticvectors/semanticvectors/2.2/semanticvectors-2.2.jar:/home/wittek/.m2/repository/org/apache/lucene/lucene-analyzers/3.0.3/lucene-analyzers-3.0.3.jar:/home/wittek/.m2/repository/org/apache/lucene/lucene-core/3.0.3/lucene-core-3.0.3.jar:/home/wittek/.m2/repository/org/apache/lucene/lucene-demos/3.0.3/lucene-demos-3.0.3.jar:/home/wittek/.m2/repository/org/apache/solr/solr-core/1.4.1/solr-core-1.4.1.jar:/home/wittek/.m2/repository/org/apache/solr/solr-solrj/1.4.1/solr-solrj-1.4.1.jar:/home/wittek/.m2/repository/org/slf4j/slf4j-api/1.5.5/slf4j-api-1.5.5.jar:/home/wittek/.m2/repository/org/codehaus/woodstox/wstx-asl/3.2.7/wstx-asl-3.2.7.jar:/home/wittek/.m2/repository/stax/stax-api/1.0.1/stax-api-1.0.1.jar:/home/wittek/.m2/repository/org/apache/lucene/lucene-highlighter/2.9.3/lucene-highlighter-2.9.3.jar:/home/wittek/.m2/repository/org/apache/lucene/lucene-queries/2.9.3/lucene-queries-2.9.3.jar:/home/wittek/.m2/repository/org/apache/lucene/lucene-snowball/2.9.3/lucene-snowball-2.9.3.jar:/home/wittek/.m2/repository/org/apache/lucene/lucene-memory/2.9.3/lucene-memory-2.9.3.jar:/home/wittek/.m2/repository/org/apache/lucene/lucene-misc/2.9.3/lucene-misc-2.9.3.jar:/home/wittek/.m2/repository/org/apache/lucene/lucene-spellchecker/2.9.3/lucene-spellchecker-2.9.3.jar:/home/wittek/.m2/repository/commons-httpclient/commons-httpclient/3.1/commons-httpclient-3.1.jar:/home/wittek/.m2/repository/commons-logging/commons-logging/1.0.4/commons-logging-1.0.4.jar:/home/wittek/.m2/repository/commons-codec/commons-codec/1.3/commons-codec-1.3.jar:/home/wittek/.m2/repository/commons-io/commons-io/1.4/commons-io-1.4.jar:/home/wittek/.m2/repository/commons-fileupload/commons-fileupload/1.2.1/commons-fileupload-1.2.1.jar:/home/wittek/.m2/repository/org/apache/solr/solr-commons-csv/1.4.1/solr-commons-csv-1.4.1.jar:/home/wittek/.m2/repository/woodstox/wstx-asl/3.2.7/wstx-asl-3.2.7.jar:/home/wittek/.m2/repository/org/apache/geronimo/specs/geronimo-stax-api_1.0_spec/1.0.1/geronimo-stax-api_1.0_spec-1.0.1.jar:"/>
    <property name="java.specification.name" value="Java Platform API Specification"/>
    <property name="java.class.version" value="50.0"/>
    <property name="sun.management.compiler" value="HotSpot 64-Bit Tiered Compilers"/>
    <property name="os.version" value="2.6.38-ARCH"/>
    <property name="user.home" value="/home/wittek"/>
    <property name="user.timezone" value=""/>
    <property name="java.awt.printerjob" value="sun.print.PSPrinterJob"/>
    <property name="file.encoding" value="UTF-8"/>
    <property name="java.specification.version" value="1.6"/>
    <property name="user.name" value="wittek"/>
    <property name="java.class.path" value="/home/wittek/wrk/workspace/ckcc-topic-modeling/target/test-classes:/home/wittek/wrk/workspace/ckcc-topic-modeling/target/classes:/home/wittek/.m2/repository/junit/junit/4.5/junit-4.5.jar:/home/wittek/.m2/repository/net/sf/opencsv/opencsv/2.1/opencsv-2.1.jar:/home/wittek/.m2/repository/com/google/guava/guava/r08/guava-r08.jar:/home/wittek/.m2/repository/pitt/search/semanticvectors/semanticvectors/2.2/semanticvectors-2.2.jar:/home/wittek/.m2/repository/org/apache/lucene/lucene-analyzers/3.0.3/lucene-analyzers-3.0.3.jar:/home/wittek/.m2/repository/org/apache/lucene/lucene-core/3.0.3/lucene-core-3.0.3.jar:/home/wittek/.m2/repository/org/apache/lucene/lucene-demos/3.0.3/lucene-demos-3.0.3.jar:/home/wittek/.m2/repository/org/apache/solr/solr-core/1.4.1/solr-core-1.4.1.jar:/home/wittek/.m2/repository/org/apache/solr/solr-solrj/1.4.1/solr-solrj-1.4.1.jar:/home/wittek/.m2/repository/org/slf4j/slf4j-api/1.5.5/slf4j-api-1.5.5.jar:/home/wittek/.m2/repository/org/codehaus/woodstox/wstx-asl/3.2.7/wstx-asl-3.2.7.jar:/home/wittek/.m2/repository/stax/stax-api/1.0.1/stax-api-1.0.1.jar:/home/wittek/.m2/repository/org/apache/lucene/lucene-highlighter/2.9.3/lucene-highlighter-2.9.3.jar:/home/wittek/.m2/repository/org/apache/lucene/lucene-queries/2.9.3/lucene-queries-2.9.3.jar:/home/wittek/.m2/repository/org/apache/lucene/lucene-snowball/2.9.3/lucene-snowball-2.9.3.jar:/home/wittek/.m2/repository/org/apache/lucene/lucene-memory/2.9.3/lucene-memory-2.9.3.jar:/home/wittek/.m2/repository/org/apache/lucene/lucene-misc/2.9.3/lucene-misc-2.9.3.jar:/home/wittek/.m2/repository/org/apache/lucene/lucene-spellchecker/2.9.3/lucene-spellchecker-2.9.3.jar:/home/wittek/.m2/repository/commons-httpclient/commons-httpclient/3.1/commons-httpclient-3.1.jar:/home/wittek/.m2/repository/commons-logging/commons-logging/1.0.4/commons-logging-1.0.4.jar:/home/wittek/.m2/repository/commons-codec/commons-codec/1.3/commons-codec-1.3.jar:/home/wittek/.m2/repository/commons-io/commons-io/1.4/commons-io-1.4.jar:/home/wittek/.m2/repository/commons-fileupload/commons-fileupload/1.2.1/commons-fileupload-1.2.1.jar:/home/wittek/.m2/repository/org/apache/solr/solr-commons-csv/1.4.1/solr-commons-csv-1.4.1.jar:/home/wittek/.m2/repository/woodstox/wstx-asl/3.2.7/wstx-asl-3.2.7.jar:/home/wittek/.m2/repository/org/apache/geronimo/specs/geronimo-stax-api_1.0_spec/1.0.1/geronimo-stax-api_1.0_spec-1.0.1.jar:"/>
    <property name="java.vm.specification.version" value="1.0"/>
    <property name="sun.arch.data.model" value="64"/>
    <property name="java.home" value="/opt/java/jre"/>
    <property name="sun.java.command" value="/home/wittek/wrk/workspace/ckcc-topic-modeling/target/surefire/surefirebooter467750740991740395.jar /home/wittek/wrk/workspace/ckcc-topic-modeling/target/surefire/surefire2202284333210736234tmp /home/wittek/wrk/workspace/ckcc-topic-modeling/target/surefire/surefire3895183833206920975tmp"/>
    <property name="java.specification.vendor" value="Sun Microsystems Inc."/>
    <property name="user.language" value="en"/>
    <property name="java.vm.info" value="mixed mode"/>
    <property name="java.version" value="1.6.0_25"/>
    <property name="java.ext.dirs" value="/opt/java/jre/lib/ext:/usr/java/packages/lib/ext"/>
    <property name="sun.boot.class.path" value="/opt/java/jre/lib/resources.jar:/opt/java/jre/lib/rt.jar:/opt/java/jre/lib/sunrsasign.jar:/opt/java/jre/lib/jsse.jar:/opt/java/jre/lib/jce.jar:/opt/java/jre/lib/charsets.jar:/opt/java/jre/lib/modules/jdk.boot.jar:/opt/java/jre/classes"/>
    <property name="java.vendor" value="Sun Microsystems Inc."/>
    <property name="localRepository" value="/home/wittek/.m2/repository"/>
    <property name="file.separator" value="/"/>
    <property name="java.vendor.url.bug" value="http://java.sun.com/cgi-bin/bugreport.cgi"/>
    <property name="sun.cpu.endian" value="little"/>
    <property name="sun.io.unicode.encoding" value="UnicodeLittle"/>
    <property name="sun.cpu.isalist" value=""/>
  </properties>
  <testcase time="0.008" classname="nl.knaw.huygens.analysis.util.TextProcessingTest" name="testReadWordSetBetter">
    <error message="keywords.txt (No such file or directory)" type="java.io.FileNotFoundException">java.io.FileNotFoundException: keywords.txt (No such file or directory)
	at java.io.FileInputStream.open(Native Method)
	at java.io.FileInputStream.&lt;init&gt;(FileInputStream.java:120)
	at java.io.FileInputStream.&lt;init&gt;(FileInputStream.java:79)
	at java.io.FileReader.&lt;init&gt;(FileReader.java:41)
	at nl.knaw.huygens.analysis.util.TextProcessing.readWordSetBetter(TextProcessing.java:55)
	at nl.knaw.huygens.analysis.util.TextProcessingTest.testReadWordSetBetter(TextProcessingTest.java:26)
	at sun.reflect.NativeMethodAccessorImpl.invoke0(Native Method)
	at sun.reflect.NativeMethodAccessorImpl.invoke(NativeMethodAccessorImpl.java:39)
	at sun.reflect.DelegatingMethodAccessorImpl.invoke(DelegatingMethodAccessorImpl.java:25)
	at java.lang.reflect.Method.invoke(Method.java:597)
	at org.junit.runners.model.FrameworkMethod$1.runReflectiveCall(FrameworkMethod.java:44)
	at org.junit.internal.runners.model.ReflectiveCallable.run(ReflectiveCallable.java:15)
	at org.junit.runners.model.FrameworkMethod.invokeExplosively(FrameworkMethod.java:41)
	at org.junit.internal.runners.statements.InvokeMethod.evaluate(InvokeMethod.java:20)
	at org.junit.internal.runners.statements.RunBefores.evaluate(RunBefores.java:28)
	at org.junit.internal.runners.statements.RunAfters.evaluate(RunAfters.java:31)
	at org.junit.runners.BlockJUnit4ClassRunner.runChild(BlockJUnit4ClassRunner.java:73)
	at org.junit.runners.BlockJUnit4ClassRunner.runChild(BlockJUnit4ClassRunner.java:46)
	at org.junit.runners.ParentRunner.runChildren(ParentRunner.java:180)
	at org.junit.runners.ParentRunner.access$000(ParentRunner.java:41)
	at org.junit.runners.ParentRunner$1.evaluate(ParentRunner.java:173)
	at org.junit.internal.runners.statements.RunBefores.evaluate(RunBefores.java:28)
	at org.junit.internal.runners.statements.RunAfters.evaluate(RunAfters.java:31)
	at org.junit.runners.ParentRunner.run(ParentRunner.java:220)
	at org.apache.maven.surefire.junit4.JUnit4TestSet.execute(JUnit4TestSet.java:35)
	at org.apache.maven.surefire.junit4.JUnit4Provider.executeTestSet(JUnit4Provider.java:115)
	at org.apache.maven.surefire.junit4.JUnit4Provider.invoke(JUnit4Provider.java:97)
	at sun.reflect.NativeMethodAccessorImpl.invoke0(Native Method)
	at sun.reflect.NativeMethodAccessorImpl.invoke(NativeMethodAccessorImpl.java:39)
	at sun.reflect.DelegatingMethodAccessorImpl.invoke(DelegatingMethodAccessorImpl.java:25)
	at java.lang.reflect.Method.invoke(Method.java:597)
	at org.apache.maven.surefire.booter.ProviderFactory$ClassLoaderProxy.invoke(ProviderFactory.java:103)
	at $Proxy0.invoke(Unknown Source)
	at org.apache.maven.surefire.booter.SurefireStarter.invokeProvider(SurefireStarter.java:150)
	at org.apache.maven.surefire.booter.SurefireStarter.runSuitesInProcess(SurefireStarter.java:91)
	at org.apache.maven.surefire.booter.ForkedBooter.main(ForkedBooter.java:69)
</error>
    <system-out>@HL
@HL-------------------------------------------------------
@HL T E S T S
@HL-------------------------------------------------------
@SLRunning nl.knaw.huygens.analysis.util.TextProcessingTest
</system-out>
  </testcase>
</testsuite>